  helloworld.c
D:\C_Project\Project1\Project1\helloworld.c(6,9): warning C4477: “printf”: 格式字符串“%d”需要类型“int”的参数，但可变参数 1 拥有了类型“size_t”
D:\C_Project\Project1\Project1\helloworld.c(6,9): message : 请考虑在格式字符串中使用“%zd”
D:\C_Project\Project1\Project1\helloworld.c(7,9): warning C4477: “printf”: 格式字符串“%d”需要类型“int”的参数，但可变参数 1 拥有了类型“size_t”
D:\C_Project\Project1\Project1\helloworld.c(7,9): message : 请考虑在格式字符串中使用“%zd”
D:\C_Project\Project1\Project1\helloworld.c(8,9): warning C4477: “printf”: 格式字符串“%d”需要类型“int”的参数，但可变参数 1 拥有了类型“size_t”
D:\C_Project\Project1\Project1\helloworld.c(8,9): message : 请考虑在格式字符串中使用“%zd”
D:\C_Project\Project1\Project1\helloworld.c(9,9): warning C4477: “printf”: 格式字符串“%d”需要类型“int”的参数，但可变参数 1 拥有了类型“size_t”
D:\C_Project\Project1\Project1\helloworld.c(9,9): message : 请考虑在格式字符串中使用“%zd”
D:\C_Project\Project1\Project1\helloworld.c(10,9): warning C4477: “printf”: 格式字符串“%d”需要类型“int”的参数，但可变参数 1 拥有了类型“size_t”
D:\C_Project\Project1\Project1\helloworld.c(10,9): message : 请考虑在格式字符串中使用“%zd”
D:\C_Project\Project1\Project1\helloworld.c(11,9): warning C4477: “printf”: 格式字符串“%d”需要类型“int”的参数，但可变参数 1 拥有了类型“size_t”
D:\C_Project\Project1\Project1\helloworld.c(11,9): message : 请考虑在格式字符串中使用“%zd”
D:\C_Project\Project1\Project1\helloworld.c(12,9): warning C4477: “printf”: 格式字符串“%d”需要类型“int”的参数，但可变参数 1 拥有了类型“size_t”
D:\C_Project\Project1\Project1\helloworld.c(12,9): message : 请考虑在格式字符串中使用“%zd”
D:\C_Project\Project1\Project1\helloworld.c(15,9): warning C4477: “printf”: 格式字符串“%d”需要类型“int”的参数，但可变参数 1 拥有了类型“int *”
D:\C_Project\Project1\Project1\helloworld.c(15,9): warning C4313: "printf": 格式字符串中的 "%d" 与类型为 "int *" 的参数 1 冲突
D:\C_Project\Project1\Project1\helloworld.c(18,9): warning C4477: “printf”: 格式字符串“%d”需要类型“int”的参数，但可变参数 1 拥有了类型“size_t”
D:\C_Project\Project1\Project1\helloworld.c(18,9): message : 请考虑在格式字符串中使用“%zd”
D:\C_Project\Project1\Project1\helloworld.c(20,9): warning C4477: “printf”: 格式字符串“%d”需要类型“int”的参数，但可变参数 1 拥有了类型“size_t”
D:\C_Project\Project1\Project1\helloworld.c(20,9): message : 请考虑在格式字符串中使用“%zd”
D:\C_Project\Project1\Project1\helloworld.c(53,8): warning C4013: “Max”未定义；假设外部返回 int
  Project1.vcxproj -> D:\C_Project\Project1\x64\Debug\Project1.exe
